<?xml version="1.0" encoding="UTF-8"?>
<testng-results ignored="0" total="1" passed="1" failed="0" skipped="0">
  <reporter-output>
  </reporter-output>
  <suite started-at="2026-06-25T13:56:07 IST" name="Default suite" finished-at="2026-06-25T13:56:49 IST" duration-ms="41216">
    <groups>
    </groups>
    <test started-at="2026-06-25T13:56:07 IST" name="Default test" finished-at="2026-06-25T13:56:49 IST" duration-ms="41216">
      <class name="tests.EditEmployeeTest">
        <test-method is-config="true" signature="setUp()[pri:0, instance:tests.EditEmployeeTest@42a48628]" started-at="2026-06-25T13:56:07 IST" name="setUp" finished-at="2026-06-25T13:56:29 IST" duration-ms="21802" status="PASS">
          <reporter-output>
          </reporter-output>
        </test-method> <!-- setUp -->
        <test-method signature="verifyEditEmployee()[pri:0, instance:tests.EditEmployeeTest@42a48628]" started-at="2026-06-25T13:56:29 IST" name="verifyEditEmployee" finished-at="2026-06-25T13:56:48 IST" duration-ms="18467" status="PASS">
          <reporter-output>
          </reporter-output>
        </test-method> <!-- verifyEditEmployee -->
        <test-method is-config="true" signature="tearDown()[pri:0, instance:tests.EditEmployeeTest@42a48628]" started-at="2026-06-25T13:56:48 IST" name="tearDown" finished-at="2026-06-25T13:56:49 IST" duration-ms="881" status="PASS">
          <reporter-output>
          </reporter-output>
        </test-method> <!-- tearDown -->
      </class> <!-- tests.EditEmployeeTest -->
    </test> <!-- Default test -->
  </suite> <!-- Default suite -->
</testng-results>
