<?xml version="1.0" encoding="UTF-8"?>
<testng-results ignored="0" total="1" passed="1" failed="0" skipped="0">
  <reporter-output>
  </reporter-output>
  <suite started-at="2026-06-24T12:54:20 IST" name="Default suite" finished-at="2026-06-24T12:55:18 IST" duration-ms="58679">
    <groups>
    </groups>
    <test started-at="2026-06-24T12:54:20 IST" name="Default test" finished-at="2026-06-24T12:55:18 IST" duration-ms="58679">
      <class name="tests.PIMTest">
        <test-method is-config="true" signature="setUp()[pri:0, instance:tests.PIMTest@6adbc9d]" started-at="2026-06-24T12:54:20 IST" name="setUp" finished-at="2026-06-24T12:54:57 IST" duration-ms="36966" status="PASS">
          <reporter-output>
          </reporter-output>
        </test-method> <!-- setUp -->
        <test-method signature="verifyAddEmployee()[pri:0, instance:tests.PIMTest@6adbc9d]" started-at="2026-06-24T12:54:57 IST" name="verifyAddEmployee" finished-at="2026-06-24T12:55:17 IST" duration-ms="20252" status="PASS">
          <reporter-output>
          </reporter-output>
        </test-method> <!-- verifyAddEmployee -->
        <test-method is-config="true" signature="tearDown()[pri:0, instance:tests.PIMTest@6adbc9d]" started-at="2026-06-24T12:55:17 IST" name="tearDown" finished-at="2026-06-24T12:55:18 IST" duration-ms="1374" status="PASS">
          <reporter-output>
          </reporter-output>
        </test-method> <!-- tearDown -->
      </class> <!-- tests.PIMTest -->
    </test> <!-- Default test -->
  </suite> <!-- Default suite -->
</testng-results>
