<?xml version="1.0" encoding="UTF-8"?>
<!-- Generated by org.testng.reporters.JUnitReportReporter -->
<testsuite hostname="DESKTOP-7525CA3" failures="0" tests="3" name="tests.LoginTest" time="52.248" errors="0" timestamp="2026-06-25T13:06:12 IST" skipped="0">
  <testcase classname="tests.LoginTest" name="verifyValidLogin" time="33.478"/>
  <testcase classname="tests.LoginTest" name="verifyValidLogin" time="8.909"/>
  <testcase classname="tests.LoginTest" name="verifyValidLogin" time="9.861"/>
</testsuite> <!-- tests.LoginTest -->
